<?xml version="1.0" encoding="UTF-8"?>
<testng-results skipped="0" failed="0" total="1" passed="1">
  <reporter-output>
  </reporter-output>
  <suite name="My test suite" duration-ms="24" started-at="2020-04-08T14:11:21Z" finished-at="2020-04-08T14:11:21Z">
    <groups>
      <group name="grupo2">
        <method signature="AutomationTest.testConcat4()[pri:0, instance:com.automation.training.AutomationTest@51565ec2]" name="testConcat4" class="com.automation.training.AutomationTest"/>
      </group> <!-- grupo2 -->
      <group name="grupo3">
        <method signature="AutomationTest.testConcat4()[pri:0, instance:com.automation.training.AutomationTest@51565ec2]" name="testConcat4" class="com.automation.training.AutomationTest"/>
      </group> <!-- grupo3 -->
    </groups>
    <test name="My first test" duration-ms="24" started-at="2020-04-08T14:11:21Z" finished-at="2020-04-08T14:11:21Z">
      <class name="com.automation.training.AutomationTest">
        <test-method status="PASS" signature="testConcat4()[pri:0, instance:com.automation.training.AutomationTest@51565ec2]" name="testConcat4" duration-ms="9" started-at="2020-04-08T09:11:21Z" finished-at="2020-04-08T09:11:21Z">
          <reporter-output>
          </reporter-output>
        </test-method> <!-- testConcat4 -->
      </class> <!-- com.automation.training.AutomationTest -->
    </test> <!-- My first test -->
  </suite> <!-- My test suite -->
</testng-results>
